2023-12-25 16:31:34.385 ERROR [vert.x-virtual-thread-0][MainVerticle.java:14] - 启动项目失败
java.lang.IllegalArgumentException: Unrecognized field "redis" (class com.vertx.common.core.entity.app.AppConfig$Database), not marked as ignorable (one known property: "mysql"])
 at [Source: UNKNOWN; byte offset: #UNKNOWN] (through reference chain: com.vertx.common.core.entity.app.AppConfig["database"]->com.vertx.common.core.entity.app.AppConfig$Database["redis"])
	at com.fasterxml.jackson.databind.ObjectMapper._convert(ObjectMapper.java:4544) ~[jackson-databind-2.15.3.jar:2.15.3]
	at com.fasterxml.jackson.databind.ObjectMapper.convertValue(ObjectMapper.java:4475) ~[jackson-databind-2.15.3.jar:2.15.3]
	at io.vertx.core.json.jackson.DatabindCodec.fromValue(DatabindCodec.java:73) ~[vertx-core-4.5.1.jar:4.5.1]
	at io.vertx.core.json.JsonObject.mapTo(JsonObject.java:423) ~[vertx-core-4.5.1.jar:4.5.1]
	at com.vertx.common.core.config.VertxLoadConfig.init(VertxLoadConfig.java:87) ~[classes/:?]
	at com.vertx.example.web.verticle.MainVerticle.start(MainVerticle.java:12) ~[classes/:?]
	at io.vertx.core.AbstractVerticle.start(AbstractVerticle.java:106) ~[vertx-core-4.5.1.jar:4.5.1]
	at io.vertx.core.impl.DeploymentManager.lambda$doDeploy$5(DeploymentManager.java:210) ~[vertx-core-4.5.1.jar:4.5.1]
	at io.vertx.core.impl.ContextInternal.dispatch(ContextInternal.java:276) ~[vertx-core-4.5.1.jar:4.5.1]
	at io.vertx.core.impl.ContextInternal.dispatch(ContextInternal.java:258) ~[vertx-core-4.5.1.jar:4.5.1]
	at io.vertx.core.impl.ContextInternal.lambda$runOnContext$0(ContextInternal.java:56) ~[vertx-core-4.5.1.jar:4.5.1]
	at io.vertx.core.impl.WorkerExecutor.lambda$execute$0(WorkerExecutor.java:68) ~[vertx-core-4.5.1.jar:4.5.1]
	at io.vertx.core.impl.TaskQueue.run(TaskQueue.java:76) ~[vertx-core-4.5.1.jar:4.5.1]
	at io.vertx.core.impl.ThreadPerTaskExecutorService.lambda$execute$0(ThreadPerTaskExecutorService.java:82) ~[vertx-core-4.5.1.jar:4.5.1]
	at java.lang.VirtualThread.run(VirtualThread.java:311) ~[?:?]
Caused by: com.fasterxml.jackson.databind.exc.UnrecognizedPropertyException: Unrecognized field "redis" (class com.vertx.common.core.entity.app.AppConfig$Database), not marked as ignorable (one known property: "mysql"])
 at [Source: UNKNOWN; byte offset: #UNKNOWN] (through reference chain: com.vertx.common.core.entity.app.AppConfig["database"]->com.vertx.common.core.entity.app.AppConfig$Database["redis"])
	at com.fasterxml.jackson.databind.exc.UnrecognizedPropertyException.from(UnrecognizedPropertyException.java:61) ~[jackson-databind-2.15.3.jar:2.15.3]
	at com.fasterxml.jackson.databind.DeserializationContext.handleUnknownProperty(DeserializationContext.java:1138) ~[jackson-databind-2.15.3.jar:2.15.3]
	at com.fasterxml.jackson.databind.deser.std.StdDeserializer.handleUnknownProperty(StdDeserializer.java:2224) ~[jackson-databind-2.15.3.jar:2.15.3]
	at com.fasterxml.jackson.databind.deser.BeanDeserializerBase.handleUnknownProperty(BeanDeserializerBase.java:1709) ~[jackson-databind-2.15.3.jar:2.15.3]
	at com.fasterxml.jackson.databind.deser.BeanDeserializerBase.handleUnknownVanilla(BeanDeserializerBase.java:1687) ~[jackson-databind-2.15.3.jar:2.15.3]
	at com.fasterxml.jackson.databind.deser.BeanDeserializer.vanillaDeserialize(BeanDeserializer.java:320) ~[jackson-databind-2.15.3.jar:2.15.3]
	at com.fasterxml.jackson.databind.deser.BeanDeserializer.deserialize(BeanDeserializer.java:177) ~[jackson-databind-2.15.3.jar:2.15.3]
	at com.fasterxml.jackson.databind.deser.impl.MethodProperty.deserializeAndSet(MethodProperty.java:129) ~[jackson-databind-2.15.3.jar:2.15.3]
	at com.fasterxml.jackson.databind.deser.BeanDeserializer.vanillaDeserialize(BeanDeserializer.java:314) ~[jackson-databind-2.15.3.jar:2.15.3]
	at com.fasterxml.jackson.databind.deser.BeanDeserializer.deserialize(BeanDeserializer.java:177) ~[jackson-databind-2.15.3.jar:2.15.3]
	at com.fasterxml.jackson.databind.ObjectMapper._convert(ObjectMapper.java:4539) ~[jackson-databind-2.15.3.jar:2.15.3]
	... 14 more
2023-12-25 16:32:13.821 ERROR [vert.x-virtual-thread-0][MainVerticle.java:14] - 启动项目失败
java.lang.IllegalArgumentException: Unrecognized field "redis" (class com.vertx.common.core.entity.app.AppConfig$Database), not marked as ignorable (one known property: "mysql"])
 at [Source: UNKNOWN; byte offset: #UNKNOWN] (through reference chain: com.vertx.common.core.entity.app.AppConfig["database"]->com.vertx.common.core.entity.app.AppConfig$Database["redis"])
	at com.fasterxml.jackson.databind.ObjectMapper._convert(ObjectMapper.java:4544) ~[jackson-databind-2.15.3.jar:2.15.3]
	at com.fasterxml.jackson.databind.ObjectMapper.convertValue(ObjectMapper.java:4475) ~[jackson-databind-2.15.3.jar:2.15.3]
	at io.vertx.core.json.jackson.DatabindCodec.fromValue(DatabindCodec.java:73) ~[vertx-core-4.5.1.jar:4.5.1]
	at io.vertx.core.json.JsonObject.mapTo(JsonObject.java:423) ~[vertx-core-4.5.1.jar:4.5.1]
	at com.vertx.common.core.config.VertxLoadConfig.init(VertxLoadConfig.java:87) ~[classes/:?]
	at com.vertx.example.web.verticle.MainVerticle.start(MainVerticle.java:12) ~[classes/:?]
	at io.vertx.core.AbstractVerticle.start(AbstractVerticle.java:106) ~[vertx-core-4.5.1.jar:4.5.1]
	at io.vertx.core.impl.DeploymentManager.lambda$doDeploy$5(DeploymentManager.java:210) ~[vertx-core-4.5.1.jar:4.5.1]
	at io.vertx.core.impl.ContextInternal.dispatch(ContextInternal.java:276) ~[vertx-core-4.5.1.jar:4.5.1]
	at io.vertx.core.impl.ContextInternal.dispatch(ContextInternal.java:258) ~[vertx-core-4.5.1.jar:4.5.1]
	at io.vertx.core.impl.ContextInternal.lambda$runOnContext$0(ContextInternal.java:56) ~[vertx-core-4.5.1.jar:4.5.1]
	at io.vertx.core.impl.WorkerExecutor.lambda$execute$0(WorkerExecutor.java:68) ~[vertx-core-4.5.1.jar:4.5.1]
	at io.vertx.core.impl.TaskQueue.run(TaskQueue.java:76) ~[vertx-core-4.5.1.jar:4.5.1]
	at io.vertx.core.impl.ThreadPerTaskExecutorService.lambda$execute$0(ThreadPerTaskExecutorService.java:82) ~[vertx-core-4.5.1.jar:4.5.1]
	at java.lang.VirtualThread.run(VirtualThread.java:311) ~[?:?]
Caused by: com.fasterxml.jackson.databind.exc.UnrecognizedPropertyException: Unrecognized field "redis" (class com.vertx.common.core.entity.app.AppConfig$Database), not marked as ignorable (one known property: "mysql"])
 at [Source: UNKNOWN; byte offset: #UNKNOWN] (through reference chain: com.vertx.common.core.entity.app.AppConfig["database"]->com.vertx.common.core.entity.app.AppConfig$Database["redis"])
	at com.fasterxml.jackson.databind.exc.UnrecognizedPropertyException.from(UnrecognizedPropertyException.java:61) ~[jackson-databind-2.15.3.jar:2.15.3]
	at com.fasterxml.jackson.databind.DeserializationContext.handleUnknownProperty(DeserializationContext.java:1138) ~[jackson-databind-2.15.3.jar:2.15.3]
	at com.fasterxml.jackson.databind.deser.std.StdDeserializer.handleUnknownProperty(StdDeserializer.java:2224) ~[jackson-databind-2.15.3.jar:2.15.3]
	at com.fasterxml.jackson.databind.deser.BeanDeserializerBase.handleUnknownProperty(BeanDeserializerBase.java:1709) ~[jackson-databind-2.15.3.jar:2.15.3]
	at com.fasterxml.jackson.databind.deser.BeanDeserializerBase.handleUnknownVanilla(BeanDeserializerBase.java:1687) ~[jackson-databind-2.15.3.jar:2.15.3]
	at com.fasterxml.jackson.databind.deser.BeanDeserializer.vanillaDeserialize(BeanDeserializer.java:320) ~[jackson-databind-2.15.3.jar:2.15.3]
	at com.fasterxml.jackson.databind.deser.BeanDeserializer.deserialize(BeanDeserializer.java:177) ~[jackson-databind-2.15.3.jar:2.15.3]
	at com.fasterxml.jackson.databind.deser.impl.MethodProperty.deserializeAndSet(MethodProperty.java:129) ~[jackson-databind-2.15.3.jar:2.15.3]
	at com.fasterxml.jackson.databind.deser.BeanDeserializer.vanillaDeserialize(BeanDeserializer.java:314) ~[jackson-databind-2.15.3.jar:2.15.3]
	at com.fasterxml.jackson.databind.deser.BeanDeserializer.deserialize(BeanDeserializer.java:177) ~[jackson-databind-2.15.3.jar:2.15.3]
	at com.fasterxml.jackson.databind.ObjectMapper._convert(ObjectMapper.java:4539) ~[jackson-databind-2.15.3.jar:2.15.3]
	... 14 more
